Arguments: 
  /nix/store/1l03gdg4w3cvkygvbxsq9i19flnp1p3y-nodejs-18.17.1/bin/node /nix/store/zmpqaqzmhzq02hix8a359bxf2kbw4vqa-yarn-1.22.19/bin/yarn run test

PATH: 
  /nix/store/kxkdrxvc3da2dpsgikn8s2ml97h88m46-bash-interactive-5.2-p15/bin:/nix/store/5rbqiz11vagap5fsk3vw8fgznw6vxyrh-patchelf-0.15.0/bin:/nix/store/lcf37pgp3rgww67v9x2990hbfwx96c1w-gcc-wrapper-12.2.0/bin:/nix/store/b7hvml0m3qmqraz1022fwvyyg6fc1vdy-gcc-12.2.0/bin:/nix/store/lyri4viji7lx2jwp5xy5fi1i1y0wx8z0-glibc-2.37-8-bin/bin:/nix/store/j4fwy5gi1rdlrlbk2c0vnbs7fmlm60a7-coreutils-9.1/bin:/nix/store/qnjzh4b0zgdkpb9x3r3h3bnc3rhdysbx-binutils-wrapper-2.40/bin:/nix/store/zkjq96ik8cbv6ijh1lylnkk2bni9qvas-binutils-2.40/bin:/nix/store/0lnb5cdf7hldm2w4cfxqjby6zfh12fc3-killall-psmisc-23.5/bin:/nix/store/j4fwy5gi1rdlrlbk2c0vnbs7fmlm60a7-coreutils-9.1/bin:/nix/store/x6rwgp1jl5sgzwbsaigqkdbdc7krzwj7-findutils-4.9.0/bin:/nix/store/1x4qg9ap1x3b50z7j4mbdvqlf1sjkbf8-diffutils-3.9/bin:/nix/store/vqj2w8rqghmmp4wkn9lkcym5kzlqk372-gnused-4.9/bin:/nix/store/8mzvz6kk57p9aqdk72pq1adsl38bkzi6-gnugrep-3.7/bin:/nix/store/49q1zfhkan4k0rqyxfhj512nw2wwngsf-gawk-5.2.1/bin:/nix/store/mddiy1w0ikb2pd48c7fciw044csv536y-gnutar-1.35/bin:/nix/store/s9dzv58651xf1d6m5i48s17vkbipg5ww-gzip-1.12/bin:/nix/store/bsca0mm8zc66gnibdvp5wwpfqh5c91xa-bzip2-1.0.8-bin/bin:/nix/store/ik9ibmq0rbznwyj6472lv2ab0c397lhy-gnumake-4.4.1/bin:/nix/store/8fv91097mbh5049i9rglc73dx6kjg3qk-bash-5.2-p15/bin:/nix/store/0cw69kwj62xnid3bkcd3lylnwz7w6gn8-patch-2.7.6/bin:/nix/store/08bbg98v5l4aalxbr583mhpxasrwsf41-xz-5.4.3-bin/bin:/nix/store/2q1x5hazpr8yf5hh0pj09nmz94sc7q81-file-5.44/bin:/nix/store/kxkdrxvc3da2dpsgikn8s2ml97h88m46-bash-interactive-5.2-p15/bin:/nix/store/5rbqiz11vagap5fsk3vw8fgznw6vxyrh-patchelf-0.15.0/bin:/nix/store/lcf37pgp3rgww67v9x2990hbfwx96c1w-gcc-wrapper-12.2.0/bin:/nix/store/b7hvml0m3qmqraz1022fwvyyg6fc1vdy-gcc-12.2.0/bin:/nix/store/lyri4viji7lx2jwp5xy5fi1i1y0wx8z0-glibc-2.37-8-bin/bin:/nix/store/j4fwy5gi1rdlrlbk2c0vnbs7fmlm60a7-coreutils-9.1/bin:/nix/store/qnjzh4b0zgdkpb9x3r3h3bnc3rhdysbx-binutils-wrapper-2.40/bin:/nix/store/zkjq96ik8cbv6ijh1lylnkk2bni9qvas-binutils-2.40/bin:/nix/store/zmpqaqzmhzq02hix8a359bxf2kbw4vqa-yarn-1.22.19/bin:/nix/store/j4fwy5gi1rdlrlbk2c0vnbs7fmlm60a7-coreutils-9.1/bin:/nix/store/x6rwgp1jl5sgzwbsaigqkdbdc7krzwj7-findutils-4.9.0/bin:/nix/store/1x4qg9ap1x3b50z7j4mbdvqlf1sjkbf8-diffutils-3.9/bin:/nix/store/vqj2w8rqghmmp4wkn9lkcym5kzlqk372-gnused-4.9/bin:/nix/store/8mzvz6kk57p9aqdk72pq1adsl38bkzi6-gnugrep-3.7/bin:/nix/store/49q1zfhkan4k0rqyxfhj512nw2wwngsf-gawk-5.2.1/bin:/nix/store/mddiy1w0ikb2pd48c7fciw044csv536y-gnutar-1.35/bin:/nix/store/s9dzv58651xf1d6m5i48s17vkbipg5ww-gzip-1.12/bin:/nix/store/bsca0mm8zc66gnibdvp5wwpfqh5c91xa-bzip2-1.0.8-bin/bin:/nix/store/ik9ibmq0rbznwyj6472lv2ab0c397lhy-gnumake-4.4.1/bin:/nix/store/8fv91097mbh5049i9rglc73dx6kjg3qk-bash-5.2-p15/bin:/nix/store/0cw69kwj62xnid3bkcd3lylnwz7w6gn8-patch-2.7.6/bin:/nix/store/08bbg98v5l4aalxbr583mhpxasrwsf41-xz-5.4.3-bin/bin:/nix/store/2q1x5hazpr8yf5hh0pj09nmz94sc7q81-file-5.44/bin:/nix/store/vlmhxhdjhzd8hdr9kibkq6wdb8xiraf8-kitty-0.28.1/bin:/nix/store/sy9yhqhqfwic8lb0nc4ygsrf1ph1xkc5-imagemagick-7.1.1-15/bin:/nix/store/3j8n1hl92r8bhwzqxgvx3nzpb6h59qm2-ncurses-6.4-dev/bin:/run/wrappers/bin:/home/qr8r/.nix-profile/bin:/etc/profiles/per-user/qr8r/bin:/nix/var/nix/profiles/default/bin:/run/current-system/sw/bin:/home/qr8r/.config/zsh/plugins/fzf-zsh-plugin:/home/qr8r/.config/zsh/plugins/fzf-zsh-plugin/bin:/home/qr8r/.fzf/bin

Yarn version: 
  1.22.19

Node version: 
  18.17.1

Platform: 
  linux x64

Trace: 
  SyntaxError: /home/qr8r/Desktop/Projects/financeTracker/package.json: Unexpected token : in JSON at position 247
      at JSON.parse (<anonymous>)
      at /nix/store/zmpqaqzmhzq02hix8a359bxf2kbw4vqa-yarn-1.22.19/libexec/yarn/lib/cli.js:1629:59
      at Generator.next (<anonymous>)
      at step (/nix/store/zmpqaqzmhzq02hix8a359bxf2kbw4vqa-yarn-1.22.19/libexec/yarn/lib/cli.js:310:30)
      at /nix/store/zmpqaqzmhzq02hix8a359bxf2kbw4vqa-yarn-1.22.19/libexec/yarn/lib/cli.js:321:13

npm manifest: 
  {
    "name": "financeTracker",
    "version": "0.0.1",
    "description": "Client-side only finance planning tool.",
    "main": "index.js",
    "author": "qr8r <brendan.g.deere@gmail.com>",
    "license": "MIT",
    "private": true,
  
    "scripts": [
      "test": "jest",
    ]
  }

yarn manifest: 
  No manifest

Lockfile: 
  # THIS IS AN AUTOGENERATED FILE. DO NOT EDIT THIS FILE DIRECTLY.
  # yarn lockfile v1
